# JRE version: Java(TM) SE Runtime Environment (8.0_151-b12) (build 1.8.0_151-b12)
# Java VM: Java HotSpot(TM) 64-Bit Server VM (25.151-b12 mixed mode windows-amd64 compressed oops)
Heap:
 PSYoungGen      total 141824K, used 89362K [0x000000076b500000, 0x000000077bc00000, 0x00000007c0000000)
  eden space 131072K, 66% used [0x000000076b500000,0x0000000770a5b358,0x0000000773500000)
  from space 10752K, 18% used [0x0000000773500000,0x00000007736e9680,0x0000000773f80000)
  to   space 3584K, 0% used [0x000000077b880000,0x000000077b880000,0x000000077bc00000)
 ParOldGen       total 175104K, used 40K [0x00000006c1e00000, 0x00000006cc900000, 0x000000076b500000)
  object space 175104K, 0% used [0x00000006c1e00000,0x00000006c1e0a000,0x00000006cc900000)
 Metaspace       used 8822K, capacity 9019K, committed 9216K, reserved 1056768K
  class space    used 830K, capacity 912K, committed 1024K, reserved 1048576K
GC Heap History (10 events):
Event: 0.750 GC heap before
{Heap before GC invocations=1 (full 0):
 PSYoungGen      total 76288K, used 65536K [0x000000076b500000, 0x0000000770a00000, 0x00000007c0000000)
  eden space 65536K, 100% used [0x000000076b500000,0x000000076f500000,0x000000076f500000)
  from space 10752K, 0% used [0x000000076ff80000,0x000000076ff80000,0x0000000770a00000)
  to   space 10752K, 0% used [0x000000076f500000,0x000000076f500000,0x000000076ff80000)
 ParOldGen       total 175104K, used 0K [0x00000006c1e00000, 0x00000006cc900000, 0x000000076b500000)
  object space 175104K, 0% used [0x00000006c1e00000,0x00000006c1e00000,0x00000006cc900000)
 Metaspace       used 8347K, capacity 8599K, committed 8832K, reserved 1056768K
  class space    used 782K, capacity 878K, committed 896K, reserved 1048576K
Event: 0.753 GC heap after
Heap after GC invocations=1 (full 0):
 PSYoungGen      total 76288K, used 3214K [0x000000076b500000, 0x0000000770a00000, 0x00000007c0000000)
  eden space 65536K, 0% used [0x000000076b500000,0x000000076b500000,0x000000076f500000)
  from space 10752K, 29% used [0x000000076f500000,0x000000076f823bd0,0x000000076ff80000)
  to   space 10752K, 0% used [0x000000076ff80000,0x000000076ff80000,0x0000000770a00000)
 ParOldGen       total 175104K, used 16K [0x00000006c1e00000, 0x00000006cc900000, 0x000000076b500000)
  object space 175104K, 0% used [0x00000006c1e00000,0x00000006c1e04000,0x00000006cc900000)
 Metaspace       used 8347K, capacity 8599K, committed 8832K, reserved 1056768K
  class space    used 782K, capacity 878K, committed 896K, reserved 1048576K
}
Event: 0.771 GC heap before
{Heap before GC invocations=2 (full 0):
 PSYoungGen      total 76288K, used 68750K [0x000000076b500000, 0x0000000770a00000, 0x00000007c0000000)
  eden space 65536K, 100% used [0x000000076b500000,0x000000076f500000,0x000000076f500000)
  from space 10752K, 29% used [0x000000076f500000,0x000000076f823bd0,0x000000076ff80000)
  to   space 10752K, 0% used [0x000000076ff80000,0x000000076ff80000,0x0000000770a00000)
 ParOldGen       total 175104K, used 16K [0x00000006c1e00000, 0x00000006cc900000, 0x000000076b500000)
  object space 175104K, 0% used [0x00000006c1e00000,0x00000006c1e04000,0x00000006cc900000)
 Metaspace       used 8354K, capacity 8599K, committed 8832K, reserved 1056768K
  class space    used 782K, capacity 878K, committed 896K, reserved 1048576K
Event: 0.773 GC heap after
Heap after GC invocations=2 (full 0):
 PSYoungGen      total 76288K, used 1956K [0x000000076b500000, 0x0000000774a00000, 0x00000007c0000000)
  eden space 65536K, 0% used [0x000000076b500000,0x000000076b500000,0x000000076f500000)
  from space 10752K, 18% used [0x000000076ff80000,0x00000007701690f0,0x0000000770a00000)
  to   space 10752K, 0% used [0x000000076f500000,0x000000076f500000,0x000000076ff80000)
 ParOldGen       total 175104K, used 24K [0x00000006c1e00000, 0x00000006cc900000, 0x000000076b500000)
  object space 175104K, 0% used [0x00000006c1e00000,0x00000006c1e06000,0x00000006cc900000)
 Metaspace       used 8354K, capacity 8599K, committed 8832K, reserved 1056768K
  class space    used 782K, capacity 878K, committed 896K, reserved 1048576K
}
Event: 0.798 GC heap before
{Heap before GC invocations=3 (full 0):
 PSYoungGen      total 76288K, used 67492K [0x000000076b500000, 0x0000000774a00000, 0x00000007c0000000)
  eden space 65536K, 100% used [0x000000076b500000,0x000000076f500000,0x000000076f500000)
  from space 10752K, 18% used [0x000000076ff80000,0x00000007701690f0,0x0000000770a00000)
  to   space 10752K, 0% used [0x000000076f500000,0x000000076f500000,0x000000076ff80000)
 ParOldGen       total 175104K, used 24K [0x00000006c1e00000, 0x00000006cc900000, 0x000000076b500000)
  object space 175104K, 0% used [0x00000006c1e00000,0x00000006c1e06000,0x00000006cc900000)
 Metaspace       used 8354K, capacity 8599K, committed 8832K, reserved 1056768K
  class space    used 782K, capacity 878K, committed 896K, reserved 1048576K
Event: 0.800 GC heap after
Heap after GC invocations=3 (full 0):
 PSYoungGen      total 76288K, used 1893K [0x000000076b500000, 0x0000000774a00000, 0x00000007c0000000)
  eden space 65536K, 0% used [0x000000076b500000,0x000000076b500000,0x000000076f500000)
  from space 10752K, 17% used [0x000000076f500000,0x000000076f6d9680,0x000000076ff80000)
  to   space 10752K, 0% used [0x0000000773f80000,0x0000000773f80000,0x0000000774a00000)
 ParOldGen       total 175104K, used 24K [0x00000006c1e00000, 0x00000006cc900000, 0x000000076b500000)
  object space 175104K, 0% used [0x00000006c1e00000,0x00000006c1e06000,0x00000006cc900000)
 Metaspace       used 8354K, capacity 8599K, committed 8832K, reserved 1056768K
  class space    used 782K, capacity 878K, committed 896K, reserved 1048576K
}
Event: 0.816 GC heap before
{Heap before GC invocations=4 (full 0):
 PSYoungGen      total 76288K, used 67429K [0x000000076b500000, 0x0000000774a00000, 0x00000007c0000000)
  eden space 65536K, 100% used [0x000000076b500000,0x000000076f500000,0x000000076f500000)
  from space 10752K, 17% used [0x000000076f500000,0x000000076f6d9680,0x000000076ff80000)
  to   space 10752K, 0% used [0x0000000773f80000,0x0000000773f80000,0x0000000774a00000)
 ParOldGen       total 175104K, used 24K [0x00000006c1e00000, 0x00000006cc900000, 0x000000076b500000)
  object space 175104K, 0% used [0x00000006c1e00000,0x00000006c1e06000,0x00000006cc900000)
 Metaspace       used 8354K, capacity 8599K, committed 8832K, reserved 1056768K
  class space    used 782K, capacity 878K, committed 896K, reserved 1048576K
Event: 0.818 GC heap after
Heap after GC invocations=4 (full 0):
 PSYoungGen      total 141824K, used 1909K [0x000000076b500000, 0x0000000774a00000, 0x00000007c0000000)
  eden space 131072K, 0% used [0x000000076b500000,0x000000076b500000,0x0000000773500000)
  from space 10752K, 17% used [0x0000000773f80000,0x000000077415d690,0x0000000774a00000)
  to   space 10752K, 0% used [0x0000000773500000,0x0000000773500000,0x0000000773f80000)
 ParOldGen       total 175104K, used 32K [0x00000006c1e00000, 0x00000006cc900000, 0x000000076b500000)
  object space 175104K, 0% used [0x00000006c1e00000,0x00000006c1e08000,0x00000006cc900000)
 Metaspace       used 8354K, capacity 8599K, committed 8832K, reserved 1056768K
  class space    used 782K, capacity 878K, committed 896K, reserved 1048576K
}
Event: 0.870 GC heap before
{Heap before GC invocations=5 (full 0):
 PSYoungGen      total 141824K, used 132981K [0x000000076b500000, 0x0000000774a00000, 0x00000007c0000000)
  eden space 131072K, 100% used [0x000000076b500000,0x0000000773500000,0x0000000773500000)
  from space 10752K, 17% used [0x0000000773f80000,0x000000077415d690,0x0000000774a00000)
  to   space 10752K, 0% used [0x0000000773500000,0x0000000773500000,0x0000000773f80000)
 ParOldGen       total 175104K, used 32K [0x00000006c1e00000, 0x00000006cc900000, 0x000000076b500000)
  object space 175104K, 0% used [0x00000006c1e00000,0x00000006c1e08000,0x00000006cc900000)
 Metaspace       used 8354K, capacity 8599K, committed 8832K, reserved 1056768K
  class space    used 782K, capacity 878K, committed 896K, reserved 1048576K
Event: 0.872 GC heap after
Heap after GC invocations=5 (full 0):
 PSYoungGen      total 141824K, used 1957K [0x000000076b500000, 0x000000077bc00000, 0x00000007c0000000)
  eden space 131072K, 0% used [0x000000076b500000,0x000000076b500000,0x0000000773500000)
  from space 10752K, 18% used [0x0000000773500000,0x00000007736e9680,0x0000000773f80000)
  to   space 3584K, 0% used [0x000000077b880000,0x000000077b880000,0x000000077bc00000)
 ParOldGen       total 175104K, used 40K [0x00000006c1e00000, 0x00000006cc900000, 0x000000076b500000)
  object space 175104K, 0% used [0x00000006c1e00000,0x00000006c1e0a000,0x00000006cc900000)
 Metaspace       used 8354K, capacity 8599K, committed 8832K, reserved 1056768K
  class space    used 782K, capacity 878K, committed 896K, reserved 1048576K
}

